<?xml version="1.0" encoding="UTF-8"?>
<testng-results ignored="0" total="1" passed="1" failed="0" skipped="0">
  <reporter-output>
  </reporter-output>
  <suite started-at="2021-02-03T18:29:08Z" name="Default suite" finished-at="2021-02-03T18:30:42Z" duration-ms="94196">
    <groups>
    </groups>
    <test started-at="2021-02-03T18:29:08Z" name="Default test" finished-at="2021-02-03T18:30:42Z" duration-ms="94196">
      <class name="com.atc.qa.testcase.womendresspagetest">
        <test-method is-config="true" signature="setup()[pri:0, instance:com.atc.qa.testcase.womendresspagetest@2893de87]" started-at="2021-02-03T23:59:08Z" name="setup" finished-at="2021-02-04T00:00:23Z" duration-ms="75270" status="PASS">
          <reporter-output>
          </reporter-output>
        </test-method> <!-- setup -->
        <test-method signature="verifyWoemendressAndaddIntoCart()[pri:1, instance:com.atc.qa.testcase.womendresspagetest@2893de87]" started-at="2021-02-04T00:00:23Z" name="verifyWoemendressAndaddIntoCart" finished-at="2021-02-04T00:00:42Z" duration-ms="18833" status="PASS">
          <reporter-output>
          </reporter-output>
        </test-method> <!-- verifyWoemendressAndaddIntoCart -->
      </class> <!-- com.atc.qa.testcase.womendresspagetest -->
    </test> <!-- Default test -->
  </suite> <!-- Default suite -->
</testng-results>
